t: 100.500000	y: 1624.000000	w: 40.298900
t: 101.500000	y: 1549.000000	w: 39.357300
t: 102.500000	y: 1535.000000	w: 39.179100
t: 103.500000	y: 1436.000000	w: 37.894600
t: 104.500000	y: 1347.000000	w: 36.701500
t: 105.500000	y: 1288.000000	w: 35.888700
t: 106.500000	y: 1239.000000	w: 35.199400
t: 107.500000	y: 1151.000000	w: 33.926400
t: 108.500000	y: 1084.000000	w: 32.924200
t: 109.500000	y: 1008.000000	w: 31.749000
t: 110.500000	y: 973.000000	w: 31.192900
t: 111.500000	y: 966.000000	w: 31.080500
t: 112.500000	y: 935.000000	w: 30.577800
t: 113.500000	y: 843.000000	w: 29.034500
t: 114.500000	y: 807.000000	w: 28.407700
t: 115.500000	y: 792.000000	w: 28.142500
t: 116.500000	y: 760.000000	w: 27.568100
t: 117.500000	y: 683.000000	w: 26.134300
t: 118.500000	y: 680.000000	w: 26.076800
t: 119.500000	y: 662.000000	w: 25.729400
t: 120.500000	y: 602.000000	w: 24.535700
t: 121.500000	y: 566.000000	w: 23.790800
t: 122.500000	y: 596.000000	w: 24.413100
t: 123.500000	y: 561.000000	w: 23.685400
t: 124.500000	y: 565.000000	w: 23.769700
t: 125.500000	y: 590.000000	w: 24.289900
t: 126.500000	y: 599.000000	w: 24.474500
t: 127.500000	y: 520.000000	w: 22.803500
t: 128.500000	y: 451.000000	w: 21.236800
t: 129.500000	y: 402.000000	w: 20.049900
t: 130.500000	y: 391.000000	w: 19.773700
t: 131.500000	y: 348.000000	w: 18.654800
t: 132.500000	y: 336.000000	w: 18.330300
t: 133.500000	y: 317.000000	w: 17.804500
t: 134.500000	y: 298.000000	w: 17.262700
t: 135.500000	y: 311.000000	w: 17.635200
t: 136.500000	y: 296.000000	w: 17.204700
t: 137.500000	y: 245.000000	w: 15.652500
t: 138.500000	y: 266.000000	w: 16.309500
t: 139.500000	y: 227.000000	w: 15.066500
t: 140.500000	y: 238.000000	w: 15.427200
t: 141.500000	y: 206.000000	w: 14.352700
t: 142.500000	y: 200.000000	w: 14.142100
t: 143.500000	y: 199.000000	w: 14.106700
t: 144.500000	y: 175.000000	w: 13.228800
t: 145.500000	y: 186.000000	w: 13.638200
t: 146.500000	y: 164.000000	w: 12.806200
t: 147.500000	y: 151.000000	w: 12.288200
t: 148.500000	y: 133.000000	w: 11.532600
t: 149.500000	y: 147.000000	w: 12.124400
t: 150.500000	y: 136.000000	w: 11.661900
t: 151.500000	y: 125.000000	w: 11.180300
t: 152.500000	y: 125.000000	w: 11.180300
t: 153.500000	y: 116.000000	w: 10.770300
t: 154.500000	y: 122.000000	w: 11.045400
t: 155.500000	y: 98.000000	w: 9.899490
t: 156.500000	y: 108.000000	w: 10.392300
t: 157.500000	y: 92.000000	w: 9.591660
t: 158.500000	y: 104.000000	w: 10.198000
t: 159.500000	y: 76.000000	w: 8.717800
summary from method 'trust-region/levenberg-marquardt'
number of iterations: 23
function evaluations: 33
Jacobian evaluations: 24
reason for stopping: small step size
initial |f(x)| = 71.691813
final   |f(x)| = 6.185002
chisq/dof = 0.671127
As      = 129.65213 +/- 18.60049
mu      = 126.21534 +/- 0.22568
sigma   = 1.41973 +/- 0.22242
status = success
iter  0: As = 500.0000, mu = 130.0000, sigma = 5.0000,  cond(J) =      nan,         |f(x)| = 71.6918
iter  1: As = 29.7126, mu = 129.4543, sigma = 5.0802,  cond(J) = 112.6811,         |f(x)| = 9.7904
iter  2: As = 35.9557, mu = 121.8563, sigma = 4.6969,  cond(J) =   7.3737,         |f(x)| = 9.7776
iter  3: As = 29.9428, mu = 129.3246, sigma = 4.8259,  cond(J) =   8.9956,         |f(x)| = 9.7222
iter  4: As = 36.6975, mu = 123.1614, sigma = 4.4521,  cond(J) =   7.7269,         |f(x)| = 9.3036
iter  5: As = 48.5797, mu = 128.6313, sigma = 2.6329,  cond(J) =   9.9006,         |f(x)| = 9.2975
iter  6: As = 48.7473, mu = 124.3545, sigma = 3.7282,  cond(J) =  20.8332,         |f(x)| = 8.6068
iter  7: As = 69.2752, mu = 127.3114, sigma = 1.7306,  cond(J) =  15.5390,         |f(x)| = 7.8606
iter  8: As = 97.4501, mu = 125.4500, sigma = 1.9576,  cond(J) =  45.5708,         |f(x)| = 6.8770
iter  9: As = 110.9737, mu = 126.3536, sigma = 1.6403,  cond(J) =  56.6466,         |f(x)| = 6.3053
iter 10: As = 126.6349, mu = 126.1562, sigma = 1.4344,  cond(J) =  77.9694,         |f(x)| = 6.1923
iter 11: As = 129.0346, mu = 126.2140, sigma = 1.4314,  cond(J) = 100.7160,         |f(x)| = 6.1852
iter 12: As = 129.5256, mu = 126.2137, sigma = 1.4223,  cond(J) = 102.9229,         |f(x)| = 6.1850
iter 13: As = 129.6163, mu = 126.2150, sigma = 1.4205,  cond(J) = 103.9348,         |f(x)| = 6.1850
iter 14: As = 129.6424, mu = 126.2152, sigma = 1.4199,  cond(J) = 104.1367,         |f(x)| = 6.1850
iter 15: As = 129.6494, mu = 126.2153, sigma = 1.4198,  cond(J) = 104.1957,         |f(x)| = 6.1850
iter 16: As = 129.6514, mu = 126.2153, sigma = 1.4197,  cond(J) = 104.2117,         |f(x)| = 6.1850
iter 17: As = 129.6519, mu = 126.2153, sigma = 1.4197,  cond(J) = 104.2162,         |f(x)| = 6.1850
iter 18: As = 129.6521, mu = 126.2153, sigma = 1.4197,  cond(J) = 104.2174,         |f(x)| = 6.1850
iter 19: As = 129.6521, mu = 126.2153, sigma = 1.4197,  cond(J) = 104.2177,         |f(x)| = 6.1850
iter 20: As = 129.6521, mu = 126.2153, sigma = 1.4197,  cond(J) = 104.2178,         |f(x)| = 6.1850
iter 21: As = 129.6521, mu = 126.2153, sigma = 1.4197,  cond(J) = 104.2179,         |f(x)| = 6.1850
iter 22: As = 129.6521, mu = 126.2153, sigma = 1.4197,  cond(J) = 104.2179,         |f(x)| = 6.1850
iter 23: As = 129.6521, mu = 126.2153, sigma = 1.4197,  cond(J) = 104.2179,         |f(x)| = 6.1850
