t: 100.500000	y: 1624.000000	w: 40.298900
t: 101.500000	y: 1549.000000	w: 39.357300
t: 102.500000	y: 1535.000000	w: 39.179100
t: 103.500000	y: 1436.000000	w: 37.894600
t: 104.500000	y: 1347.000000	w: 36.701500
t: 105.500000	y: 1288.000000	w: 35.888700
t: 106.500000	y: 1239.000000	w: 35.199400
t: 107.500000	y: 1151.000000	w: 33.926400
t: 108.500000	y: 1084.000000	w: 32.924200
t: 109.500000	y: 1008.000000	w: 31.749000
t: 110.500000	y: 973.000000	w: 31.192900
t: 111.500000	y: 966.000000	w: 31.080500
t: 112.500000	y: 935.000000	w: 30.577800
t: 113.500000	y: 843.000000	w: 29.034500
t: 114.500000	y: 807.000000	w: 28.407700
t: 115.500000	y: 792.000000	w: 28.142500
t: 116.500000	y: 760.000000	w: 27.568100
t: 117.500000	y: 683.000000	w: 26.134300
t: 118.500000	y: 680.000000	w: 26.076800
t: 119.500000	y: 662.000000	w: 25.729400
t: 120.500000	y: 602.000000	w: 24.535700
t: 121.500000	y: 566.000000	w: 23.790800
t: 122.500000	y: 596.000000	w: 24.413100
t: 123.500000	y: 561.000000	w: 23.685400
t: 124.500000	y: 565.000000	w: 23.769700
t: 125.500000	y: 590.000000	w: 24.289900
t: 126.500000	y: 599.000000	w: 24.474500
t: 127.500000	y: 520.000000	w: 22.803500
t: 128.500000	y: 451.000000	w: 21.236800
t: 129.500000	y: 402.000000	w: 20.049900
t: 130.500000	y: 391.000000	w: 19.773700
t: 131.500000	y: 348.000000	w: 18.654800
t: 132.500000	y: 336.000000	w: 18.330300
t: 133.500000	y: 317.000000	w: 17.804500
t: 134.500000	y: 298.000000	w: 17.262700
t: 135.500000	y: 311.000000	w: 17.635200
t: 136.500000	y: 296.000000	w: 17.204700
t: 137.500000	y: 245.000000	w: 15.652500
t: 138.500000	y: 266.000000	w: 16.309500
t: 139.500000	y: 227.000000	w: 15.066500
t: 140.500000	y: 238.000000	w: 15.427200
t: 141.500000	y: 206.000000	w: 14.352700
t: 142.500000	y: 200.000000	w: 14.142100
t: 143.500000	y: 199.000000	w: 14.106700
t: 144.500000	y: 175.000000	w: 13.228800
t: 145.500000	y: 186.000000	w: 13.638200
t: 146.500000	y: 164.000000	w: 12.806200
t: 147.500000	y: 151.000000	w: 12.288200
t: 148.500000	y: 133.000000	w: 11.532600
t: 149.500000	y: 147.000000	w: 12.124400
t: 150.500000	y: 136.000000	w: 11.661900
t: 151.500000	y: 125.000000	w: 11.180300
t: 152.500000	y: 125.000000	w: 11.180300
t: 153.500000	y: 116.000000	w: 10.770300
t: 154.500000	y: 122.000000	w: 11.045400
t: 155.500000	y: 98.000000	w: 9.899490
t: 156.500000	y: 108.000000	w: 10.392300
t: 157.500000	y: 92.000000	w: 9.591660
t: 158.500000	y: 104.000000	w: 10.198000
t: 159.500000	y: 76.000000	w: 8.717800
summary from method 'trust-region/levenberg-marquardt'
number of iterations: 23
function evaluations: 39
Jacobian evaluations: 23
reason for stopping: small step size
initial |f(x)| = 75.207578
final   |f(x)| = 5.529639
chisq/dof = 0.555944
As      = 133.31455 +/- 17.42455
mu      = 126.17796 +/- 0.23410
sigma   = 1.63495 +/- 0.23832
Ab      = 1687.23244 +/- 14.63853
tau     = -20.08283 +/- 0.16297
status = success
iter  0: As = 500.0000, mu = 130.0000, sigma = 5.0000, Ab = 1800.0000, tau = -20.0000,          cond(J) =      nan, |f(x)| = 75.2076
iter  1: As = 40.6375, mu = 129.4077, sigma = 5.2806, Ab = 1681.7528, tau = -19.9162,          cond(J) = 230.5622, |f(x)| = 9.4050
iter  2: As = 47.1470, mu = 123.2552, sigma = 6.7895, Ab = 1680.7399, tau = -19.9798,          cond(J) = 149.3623, |f(x)| = 8.8341
iter  3: As = 53.6796, mu = 128.1736, sigma = 2.7818, Ab = 1699.5014, tau = -19.9621,          cond(J) = 204.3643, |f(x)| = 8.5822
iter  4: As = 71.3328, mu = 124.0329, sigma = 3.7386, Ab = 1684.9472, tau = -20.0509,          cond(J) = 147.0703, |f(x)| = 8.0442
iter  5: As = 76.7648, mu = 126.9981, sigma = 2.8598, Ab = 1690.2844, tau = -20.0169,          cond(J) = 157.5484, |f(x)| = 7.0553
iter  6: As = 102.9761, mu = 125.5304, sigma = 1.9530, Ab = 1685.4577, tau = -20.0909,          cond(J) = 147.8066, |f(x)| = 6.1703
iter  7: As = 120.5901, mu = 126.3065, sigma = 1.8611, Ab = 1687.0960, tau = -20.0692,          cond(J) = 160.5328, |f(x)| = 5.6245
iter  8: As = 130.1625, mu = 126.1361, sigma = 1.6834, Ab = 1687.0410, tau = -20.0801,          cond(J) = 162.2245, |f(x)| = 5.5347
iter  9: As = 132.5600, mu = 126.1728, sigma = 1.6532, Ab = 1687.1832, tau = -20.0812,          cond(J) = 171.0350, |f(x)| = 5.5300
iter 10: As = 133.0822, mu = 126.1757, sigma = 1.6409, Ab = 1687.2147, tau = -20.0823,          cond(J) = 172.4297, |f(x)| = 5.5297
iter 11: As = 133.2365, mu = 126.1772, sigma = 1.6370, Ab = 1687.2264, tau = -20.0826,          cond(J) = 173.0514, |f(x)| = 5.5296
iter 12: As = 133.2880, mu = 126.1777, sigma = 1.6356, Ab = 1687.2304, tau = -20.0828,          cond(J) = 173.2503, |f(x)| = 5.5296
iter 13: As = 133.3055, mu = 126.1779, sigma = 1.6352, Ab = 1687.2317, tau = -20.0828,          cond(J) = 173.3184, |f(x)| = 5.5296
iter 14: As = 133.3114, mu = 126.1779, sigma = 1.6350, Ab = 1687.2322, tau = -20.0828,          cond(J) = 173.3417, |f(x)| = 5.5296
iter 15: As = 133.3135, mu = 126.1780, sigma = 1.6350, Ab = 1687.2324, tau = -20.0828,          cond(J) = 173.3496, |f(x)| = 5.5296
iter 16: As = 133.3142, mu = 126.1780, sigma = 1.6350, Ab = 1687.2324, tau = -20.0828,          cond(J) = 173.3524, |f(x)| = 5.5296
iter 17: As = 133.3144, mu = 126.1780, sigma = 1.6350, Ab = 1687.2324, tau = -20.0828,          cond(J) = 173.3533, |f(x)| = 5.5296
iter 18: As = 133.3145, mu = 126.1780, sigma = 1.6350, Ab = 1687.2324, tau = -20.0828,          cond(J) = 173.3536, |f(x)| = 5.5296
iter 19: As = 133.3145, mu = 126.1780, sigma = 1.6350, Ab = 1687.2324, tau = -20.0828,          cond(J) = 173.3537, |f(x)| = 5.5296
iter 20: As = 133.3145, mu = 126.1780, sigma = 1.6350, Ab = 1687.2324, tau = -20.0828,          cond(J) = 173.3538, |f(x)| = 5.5296
iter 21: As = 133.3146, mu = 126.1780, sigma = 1.6350, Ab = 1687.2324, tau = -20.0828,          cond(J) = 173.3538, |f(x)| = 5.5296
iter 22: As = 133.3146, mu = 126.1780, sigma = 1.6350, Ab = 1687.2324, tau = -20.0828,          cond(J) = 173.3538, |f(x)| = 5.5296
iter 23: As = 133.3146, mu = 126.1780, sigma = 1.6350, Ab = 1687.2324, tau = -20.0828,          cond(J) = 173.3538, |f(x)| = 5.5296
