reading file ./data/correlation_TC05.dat
t: 1.000000	y: -0.000124	w: 0.500000
t: 2.000000	y: -0.000563	w: 0.500000
t: 3.000000	y: -0.000403	w: 0.500000
t: 4.000000	y: -0.000483	w: 0.500000
t: 5.000000	y: -0.000084	w: 0.500000
t: 6.000000	y: -0.000603	w: 0.500000
t: 7.000000	y: -0.000683	w: 0.500000
t: 8.000000	y: -0.000563	w: 0.500000
t: 9.000000	y: -0.000164	w: 0.500000
t: 10.000000	y: -0.000803	w: 0.500000
t: 11.000000	y: -0.000763	w: 0.500000
t: 12.000000	y: -0.000483	w: 0.500000
t: 13.000000	y: -0.000723	w: 0.500000
t: 14.000000	y: -0.000803	w: 0.500000
t: 15.000000	y: -0.000523	w: 0.500000
t: 16.000000	y: -0.000723	w: 0.500000
t: 17.000000	y: -0.000124	w: 0.500000
t: 18.000000	y: -0.000283	w: 0.500000
t: 19.000000	y: -0.001003	w: 0.500000
t: 20.000000	y: -0.000283	w: 0.500000
t: 21.000000	y: -0.000763	w: 0.500000
t: 22.000000	y: -0.001163	w: 0.500000
t: 23.000000	y: -0.000603	w: 0.500000
t: 24.000000	y: -0.000563	w: 0.500000
t: 25.000000	y: -0.000883	w: 0.500000
t: 26.000000	y: -0.000603	w: 0.500000
t: 27.000000	y: -0.000323	w: 0.500000
t: 28.000000	y: -0.000004	w: 0.500000
t: 29.000000	y: -0.000643	w: 0.500000
t: 30.000000	y: -0.001243	w: 0.500000
t: 31.000000	y: -0.000883	w: 0.500000
t: 32.000000	y: -0.000363	w: 0.500000
t: 33.000000	y: -0.000443	w: 0.500000
t: 34.000000	y: -0.000923	w: 0.500000
t: 35.000000	y: -0.001203	w: 0.500000
t: 36.000000	y: -0.000443	w: 0.500000
t: 37.000000	y: -0.000563	w: 0.500000
t: 38.000000	y: -0.000803	w: 0.500000
t: 39.000000	y: -0.000443	w: 0.500000
t: 40.000000	y: -0.000244	w: 0.500000
t: 41.000000	y: -0.000363	w: 0.500000
t: 42.000000	y: -0.000403	w: 0.500000
t: 43.000000	y: -0.000603	w: 0.500000
t: 44.000000	y: -0.000204	w: 0.500000
t: 45.000000	y: -0.001043	w: 0.500000
t: 46.000000	y: -0.000204	w: 0.500000
t: 47.000000	y: -0.000883	w: 0.500000
t: 48.000000	y: -0.000923	w: 0.500000
t: 49.000000	y: -0.000283	w: 0.500000
t: 50.000000	y: -0.001003	w: 0.500000
t: 51.000000	y: -0.000403	w: 0.500000
t: 52.000000	y: -0.000283	w: 0.500000
t: 53.000000	y: -0.000763	w: 0.500000
t: 54.000000	y: -0.000483	w: 0.500000
t: 55.000000	y: -0.000283	w: 0.500000
t: 56.000000	y: -0.000603	w: 0.500000
t: 57.000000	y: -0.000683	w: 0.500000
t: 58.000000	y: -0.000244	w: 0.500000
t: 59.000000	y: -0.000603	w: 0.500000
t: 60.000000	y: -0.000643	w: 0.500000
t: 61.000000	y: -0.000563	w: 0.500000
t: 62.000000	y: -0.000843	w: 0.500000
t: 63.000000	y: -0.000164	w: 0.500000
t: 64.000000	y: -0.000923	w: 0.500000
t: 65.000000	y: -0.000164	w: 0.500000
t: 66.000000	y: -0.000923	w: 0.500000
t: 67.000000	y: -0.000403	w: 0.500000
t: 68.000000	y: -0.000843	w: 0.500000
t: 69.000000	y: -0.000283	w: 0.500000
t: 70.000000	y: -0.000603	w: 0.500000
t: 71.000000	y: -0.000643	w: 0.500000
t: 72.000000	y: -0.000803	w: 0.500000
t: 73.000000	y: -0.000244	w: 0.500000
t: 74.000000	y: -0.000923	w: 0.500000
t: 75.000000	y: -0.000323	w: 0.500000
cov
summary from method 'trust-region/levenberg-marquardt'
number of iterations: 3
function evaluations: 4
Jacobian evaluations: 4
reason for stopping: small gradient
initial |f(x)| = 0.280050
final   |f(x)| = 0.001733
chisq/dof = 4.17177e-08
A     = 0.00118 +/- 10.50929
lambda    = 0.99533 +/- 7232.49268
b    = -0.00058 +/- 0.16820
status = success
iter  0: A = 1.0000, lambda = 1.0000, b = 0.0000, cond(J) =      nan, |f(x)| = 0.2800
iter  1: A = 0.0091, lambda = 0.9939, b = -0.0006, cond(J) = 112.8078, |f(x)| = 0.0028
iter  2: A = 0.0012, lambda = 0.9949, b = -0.0006, cond(J) = 5797.1919, |f(x)| = 0.0017
iter  3: A = 0.0012, lambda = 0.9953, b = -0.0006, cond(J) = 44576.3331, |f(x)| = 0.0017
