reading file ./data/correlation_TC2.dat
t: 1.000000	y: 0.061273	w: 0.500000
t: 2.000000	y: 0.007159	w: 0.500000
t: 3.000000	y: 0.000040	w: 0.500000
t: 4.000000	y: 0.004719	w: 0.500000
t: 5.000000	y: -0.000640	w: 0.500000
t: 6.000000	y: -0.001840	w: 0.500000
t: 7.000000	y: 0.004079	w: 0.500000
t: 8.000000	y: -0.000000	w: 0.500000
t: 9.000000	y: 0.004319	w: 0.500000
t: 10.000000	y: 0.012038	w: 0.500000
t: 11.000000	y: 0.003080	w: 0.500000
t: 12.000000	y: 0.008919	w: 0.500000
t: 13.000000	y: 0.001440	w: 0.500000
t: 14.000000	y: -0.003760	w: 0.500000
t: 15.000000	y: -0.000400	w: 0.500000
t: 16.000000	y: -0.004440	w: 0.500000
t: 17.000000	y: 0.000320	w: 0.500000
t: 18.000000	y: -0.002520	w: 0.500000
t: 19.000000	y: 0.003480	w: 0.500000
t: 20.000000	y: 0.001480	w: 0.500000
t: 21.000000	y: -0.000360	w: 0.500000
t: 22.000000	y: 0.004759	w: 0.500000
t: 23.000000	y: 0.001720	w: 0.500000
t: 24.000000	y: 0.003320	w: 0.500000
t: 25.000000	y: -0.003040	w: 0.500000
t: 26.000000	y: 0.000400	w: 0.500000
t: 27.000000	y: -0.002960	w: 0.500000
t: 28.000000	y: 0.005239	w: 0.500000
t: 29.000000	y: -0.001160	w: 0.500000
t: 30.000000	y: -0.006159	w: 0.500000
t: 31.000000	y: 0.002520	w: 0.500000
t: 32.000000	y: 0.004159	w: 0.500000
t: 33.000000	y: -0.003640	w: 0.500000
t: 34.000000	y: -0.003320	w: 0.500000
t: 35.000000	y: -0.006799	w: 0.500000
t: 36.000000	y: -0.002640	w: 0.500000
t: 37.000000	y: -0.004320	w: 0.500000
t: 38.000000	y: -0.006239	w: 0.500000
t: 39.000000	y: 0.001640	w: 0.500000
t: 40.000000	y: -0.009159	w: 0.500000
t: 41.000000	y: 0.004159	w: 0.500000
t: 42.000000	y: 0.001000	w: 0.500000
t: 43.000000	y: 0.001520	w: 0.500000
t: 44.000000	y: 0.001880	w: 0.500000
t: 45.000000	y: -0.001880	w: 0.500000
t: 46.000000	y: -0.005119	w: 0.500000
t: 47.000000	y: -0.000520	w: 0.500000
t: 48.000000	y: -0.003200	w: 0.500000
t: 49.000000	y: 0.002720	w: 0.500000
t: 50.000000	y: 0.003919	w: 0.500000
t: 51.000000	y: -0.000560	w: 0.500000
t: 52.000000	y: -0.001520	w: 0.500000
t: 53.000000	y: -0.010239	w: 0.500000
t: 54.000000	y: 0.009759	w: 0.500000
t: 55.000000	y: 0.011159	w: 0.500000
t: 56.000000	y: 0.006599	w: 0.500000
t: 57.000000	y: -0.001520	w: 0.500000
t: 58.000000	y: 0.004039	w: 0.500000
t: 59.000000	y: -0.000200	w: 0.500000
t: 60.000000	y: 0.000200	w: 0.500000
t: 61.000000	y: 0.001800	w: 0.500000
t: 62.000000	y: -0.002080	w: 0.500000
t: 63.000000	y: 0.000920	w: 0.500000
t: 64.000000	y: -0.000840	w: 0.500000
t: 65.000000	y: -0.005599	w: 0.500000
t: 66.000000	y: -0.003440	w: 0.500000
t: 67.000000	y: 0.000160	w: 0.500000
t: 68.000000	y: -0.003800	w: 0.500000
t: 69.000000	y: -0.001560	w: 0.500000
t: 70.000000	y: 0.000080	w: 0.500000
t: 71.000000	y: -0.004120	w: 0.500000
t: 72.000000	y: -0.003360	w: 0.500000
t: 73.000000	y: -0.001560	w: 0.500000
t: 74.000000	y: 0.001000	w: 0.500000
t: 75.000000	y: 0.002880	w: 0.500000
cov
summary from method 'trust-region/levenberg-marquardt'
number of iterations: 10
function evaluations: 14
Jacobian evaluations: 11
reason for stopping: small gradient
initial |f(x)| = 0.239206
final   |f(x)| = 0.025536
chisq/dof = 9.05647e-06
A     = 0.53074 +/- 107.10607
lambda    = 0.46289 +/- 42.46746
b    = 0.00008 +/- 0.16612
status = success
iter  0: A = 1.0000, lambda = 1.0000, b = 0.0000, cond(J) =      nan, |f(x)| = 0.2392
iter  1: A = 0.2577, lambda = 0.9077, b = 0.0001, cond(J) = 112.8078, |f(x)| = 0.0349
iter  2: A = 0.2754, lambda = 0.6092, b = 0.0001, cond(J) = 287.7779, |f(x)| = 0.0262
iter  3: A = 0.3358, lambda = 0.5753, b = 0.0000, cond(J) = 524.8580, |f(x)| = 0.0257
iter  4: A = 0.4034, lambda = 0.5182, b = 0.0001, cond(J) = 543.8173, |f(x)| = 0.0256
iter  5: A = 0.4497, lambda = 0.4981, b = 0.0001, cond(J) = 678.1101, |f(x)| = 0.0256
iter  6: A = 0.4943, lambda = 0.4763, b = 0.0001, cond(J) = 740.8758, |f(x)| = 0.0255
iter  7: A = 0.5164, lambda = 0.4684, b = 0.0001, cond(J) = 839.8093, |f(x)| = 0.0255
iter  8: A = 0.5278, lambda = 0.4640, b = 0.0001, cond(J) = 881.7285, |f(x)| = 0.0255
iter  9: A = 0.5305, lambda = 0.4630, b = 0.0001, cond(J) = 907.7595, |f(x)| = 0.0255
iter 10: A = 0.5307, lambda = 0.4629, b = 0.0001, cond(J) = 913.7543, |f(x)| = 0.0255
