reading file ./data/correlation_TC095.dat
t: 1.000000	y: 0.054478	w: 0.500000
t: 2.000000	y: 0.031801	w: 0.500000
t: 3.000000	y: 0.021002	w: 0.500000
t: 4.000000	y: 0.017282	w: 0.500000
t: 5.000000	y: 0.010803	w: 0.500000
t: 6.000000	y: 0.009883	w: 0.500000
t: 7.000000	y: 0.007684	w: 0.500000
t: 8.000000	y: 0.009843	w: 0.500000
t: 9.000000	y: 0.003764	w: 0.500000
t: 10.000000	y: 0.002404	w: 0.500000
t: 11.000000	y: 0.001604	w: 0.500000
t: 12.000000	y: 0.001884	w: 0.500000
t: 13.000000	y: 0.002044	w: 0.500000
t: 14.000000	y: 0.006684	w: 0.500000
t: 15.000000	y: 0.006404	w: 0.500000
t: 16.000000	y: 0.007884	w: 0.500000
t: 17.000000	y: 0.008843	w: 0.500000
t: 18.000000	y: 0.006484	w: 0.500000
t: 19.000000	y: 0.010163	w: 0.500000
t: 20.000000	y: 0.005204	w: 0.500000
t: 21.000000	y: 0.006204	w: 0.500000
t: 22.000000	y: 0.007764	w: 0.500000
t: 23.000000	y: 0.010523	w: 0.500000
t: 24.000000	y: 0.010723	w: 0.500000
t: 25.000000	y: 0.003484	w: 0.500000
t: 26.000000	y: 0.003444	w: 0.500000
t: 27.000000	y: 0.003804	w: 0.500000
t: 28.000000	y: 0.006284	w: 0.500000
t: 29.000000	y: 0.007164	w: 0.500000
t: 30.000000	y: 0.011043	w: 0.500000
t: 31.000000	y: 0.008563	w: 0.500000
t: 32.000000	y: 0.004604	w: 0.500000
t: 33.000000	y: 0.003684	w: 0.500000
t: 34.000000	y: 0.005124	w: 0.500000
t: 35.000000	y: 0.003244	w: 0.500000
t: 36.000000	y: 0.000764	w: 0.500000
t: 37.000000	y: 0.002404	w: 0.500000
t: 38.000000	y: 0.004524	w: 0.500000
t: 39.000000	y: 0.001764	w: 0.500000
t: 40.000000	y: -0.000155	w: 0.500000
t: 41.000000	y: 0.000004	w: 0.500000
t: 42.000000	y: 0.002084	w: 0.500000
t: 43.000000	y: 0.001684	w: 0.500000
t: 44.000000	y: 0.000524	w: 0.500000
t: 45.000000	y: 0.005324	w: 0.500000
t: 46.000000	y: 0.006764	w: 0.500000
t: 47.000000	y: 0.006964	w: 0.500000
t: 48.000000	y: 0.006244	w: 0.500000
t: 49.000000	y: 0.007124	w: 0.500000
t: 50.000000	y: 0.004404	w: 0.500000
t: 51.000000	y: 0.005244	w: 0.500000
t: 52.000000	y: 0.005884	w: 0.500000
t: 53.000000	y: 0.002164	w: 0.500000
t: 54.000000	y: 0.003844	w: 0.500000
t: 55.000000	y: 0.005844	w: 0.500000
t: 56.000000	y: 0.003764	w: 0.500000
t: 57.000000	y: 0.008443	w: 0.500000
t: 58.000000	y: 0.011403	w: 0.500000
t: 59.000000	y: 0.011643	w: 0.500000
t: 60.000000	y: 0.009643	w: 0.500000
t: 61.000000	y: 0.005804	w: 0.500000
t: 62.000000	y: 0.003324	w: 0.500000
t: 63.000000	y: 0.007004	w: 0.500000
t: 64.000000	y: 0.007804	w: 0.500000
t: 65.000000	y: 0.006724	w: 0.500000
t: 66.000000	y: 0.005684	w: 0.500000
t: 67.000000	y: 0.006604	w: 0.500000
t: 68.000000	y: 0.003764	w: 0.500000
t: 69.000000	y: 0.005884	w: 0.500000
t: 70.000000	y: 0.003324	w: 0.500000
t: 71.000000	y: 0.006764	w: 0.500000
t: 72.000000	y: 0.006364	w: 0.500000
t: 73.000000	y: 0.003004	w: 0.500000
t: 74.000000	y: 0.005084	w: 0.500000
t: 75.000000	y: 0.006964	w: 0.500000
cov
summary from method 'trust-region/levenberg-marquardt'
number of iterations: 5
function evaluations: 6
Jacobian evaluations: 6
reason for stopping: small gradient
initial |f(x)| = 0.237128
final   |f(x)| = 0.016792
chisq/dof = 3.91627e-06
A     = 0.08301 +/- 3.94877
lambda    = 1.84513 +/- 94.85100
b    = 0.00545 +/- 0.17221
status = success
iter  0: A = 1.0000, lambda = 1.0000, b = 0.0000, cond(J) =      nan, |f(x)| = 0.2371
iter  1: A = 0.0548, lambda = 1.0781, b = 0.0056, cond(J) = 112.8078, |f(x)| = 0.0308
iter  2: A = 0.0934, lambda = 1.7890, b = 0.0057, cond(J) = 976.2121, |f(x)| = 0.0174
iter  3: A = 0.0832, lambda = 1.8341, b = 0.0055, cond(J) = 536.6484, |f(x)| = 0.0168
iter  4: A = 0.0830, lambda = 1.8445, b = 0.0055, cond(J) = 600.4137, |f(x)| = 0.0168
iter  5: A = 0.0830, lambda = 1.8451, b = 0.0055, cond(J) = 601.6785, |f(x)| = 0.0168
